This file contains any messages produced by compilers while
running configure, to aid debugging if configure makes a mistake.

It was created by MoBa-CommonLib configure 0.1, which was
generated by GNU Autoconf 2.68.  Invocation command line was

  $ ./configure 

## --------- ##
## Platform. ##
## --------- ##

hostname = stefan-MS-7369
uname -m = i686
uname -r = 3.2.0-97-generic-pae
uname -s = Linux
uname -v = #137-Ubuntu SMP Thu Dec 17 21:37:53 UTC 2015

/usr/bin/uname -p = unknown
/bin/uname -X     = unknown

/bin/arch              = unknown
/usr/bin/arch -k       = unknown
/usr/convex/getsysinfo = unknown
/usr/bin/hostinfo      = unknown
/bin/machine           = unknown
/usr/bin/oslevel       = unknown
/bin/universe          = unknown

PATH: /usr/lib/lightdm/lightdm
PATH: /usr/local/sbin
PATH: /usr/local/bin
PATH: /usr/sbin
PATH: /usr/bin
PATH: /sbin
PATH: /bin
PATH: /usr/games


## ----------- ##
## Core tests. ##
## ----------- ##

configure:2412: checking for a BSD-compatible install
configure:2480: result: /usr/bin/install -c
configure:2491: checking whether build environment is sane
configure:2541: result: yes
configure:2682: checking for a thread-safe mkdir -p
configure:2721: result: /bin/mkdir -p
configure:2734: checking for gawk
configure:2764: result: no
configure:2734: checking for mawk
configure:2750: found /usr/bin/mawk
configure:2761: result: mawk
configure:2772: checking whether make sets $(MAKE)
configure:2794: result: yes
configure:2908: checking build system type
configure:2922: result: i686-pc-linux-gnu
configure:2942: checking host system type
configure:2955: result: i686-pc-linux-gnu
configure:2996: checking how to print strings
configure:3023: result: printf
configure:3056: checking for style of include used by make
configure:3084: result: GNU
configure:3155: checking for gcc
configure:3171: found /usr/bin/gcc
configure:3182: result: gcc
configure:3411: checking for C compiler version
configure:3420: gcc --version >&5
gcc (Ubuntu/Linaro 4.6.3-1ubuntu5) 4.6.3
Copyright (C) 2011 Free Software Foundation, Inc.
This is free software; see the source for copying conditions.  There is NO
warranty; not even for MERCHANTABILITY or FITNESS FOR A PARTICULAR PURPOSE.

configure:3431: $? = 0
configure:3420: gcc -v >&5
Using built-in specs.
COLLECT_GCC=gcc
COLLECT_LTO_WRAPPER=/usr/lib/gcc/i686-linux-gnu/4.6/lto-wrapper
Target: i686-linux-gnu
Configured with: ../src/configure -v --with-pkgversion='Ubuntu/Linaro 4.6.3-1ubuntu5' --with-bugurl=file:///usr/share/doc/gcc-4.6/README.Bugs --enable-languages=c,c++,fortran,objc,obj-c++ --prefix=/usr --program-suffix=-4.6 --enable-shared --enable-linker-build-id --with-system-zlib --libexecdir=/usr/lib --without-included-gettext --enable-threads=posix --with-gxx-include-dir=/usr/include/c++/4.6 --libdir=/usr/lib --enable-nls --with-sysroot=/ --enable-clocale=gnu --enable-libstdcxx-debug --enable-libstdcxx-time=yes --enable-gnu-unique-object --enable-plugin --enable-objc-gc --enable-targets=all --disable-werror --with-arch-32=i686 --with-tune=generic --enable-checking=release --build=i686-linux-gnu --host=i686-linux-gnu --target=i686-linux-gnu
Thread model: posix
gcc version 4.6.3 (Ubuntu/Linaro 4.6.3-1ubuntu5) 
configure:3431: $? = 0
configure:3420: gcc -V >&5
gcc: error: unrecognized option '-V'
gcc: fatal error: no input files
compilation terminated.
configure:3431: $? = 4
configure:3420: gcc -qversion >&5
gcc: error: unrecognized option '-qversion'
gcc: fatal error: no input files
compilation terminated.
configure:3431: $? = 4
configure:3451: checking whether the C compiler works
configure:3473: gcc    conftest.c  >&5
configure:3477: $? = 0
configure:3525: result: yes
configure:3528: checking for C compiler default output file name
configure:3530: result: a.out
configure:3536: checking for suffix of executables
configure:3543: gcc -o conftest    conftest.c  >&5
configure:3547: $? = 0
configure:3569: result: 
configure:3591: checking whether we are cross compiling
configure:3599: gcc -o conftest    conftest.c  >&5
configure:3603: $? = 0
configure:3610: ./conftest
configure:3614: $? = 0
configure:3629: result: no
configure:3634: checking for suffix of object files
configure:3656: gcc -c   conftest.c >&5
configure:3660: $? = 0
configure:3681: result: o
configure:3685: checking whether we are using the GNU C compiler
configure:3704: gcc -c   conftest.c >&5
configure:3704: $? = 0
configure:3713: result: yes
configure:3722: checking whether gcc accepts -g
configure:3742: gcc -c -g  conftest.c >&5
configure:3742: $? = 0
configure:3783: result: yes
configure:3800: checking for gcc option to accept ISO C89
configure:3864: gcc  -c -g -O2  conftest.c >&5
configure:3864: $? = 0
configure:3877: result: none needed
configure:3899: checking dependency style of gcc
configure:4010: result: gcc3
configure:4025: checking for a sed that does not truncate output
configure:4089: result: /bin/sed
configure:4107: checking for grep that handles long lines and -e
configure:4165: result: /bin/grep
configure:4170: checking for egrep
configure:4232: result: /bin/grep -E
configure:4237: checking for fgrep
configure:4299: result: /bin/grep -F
configure:4334: checking for ld used by gcc
configure:4401: result: /usr/bin/ld
configure:4408: checking if the linker (/usr/bin/ld) is GNU ld
configure:4423: result: yes
configure:4435: checking for BSD- or MS-compatible name lister (nm)
configure:4484: result: /usr/bin/nm -B
configure:4614: checking the name lister (/usr/bin/nm -B) interface
configure:4621: gcc -c -g -O2  conftest.c >&5
configure:4624: /usr/bin/nm -B "conftest.o"
configure:4627: output
00000000 B some_variable
configure:4634: result: BSD nm
configure:4637: checking whether ln -s works
configure:4641: result: yes
configure:4649: checking the maximum length of command line arguments
configure:4779: result: 1572864
configure:4796: checking whether the shell understands some XSI constructs
configure:4806: result: yes
configure:4810: checking whether the shell understands "+="
configure:4816: result: yes
configure:4851: checking how to convert i686-pc-linux-gnu file names to i686-pc-linux-gnu format
configure:4891: result: func_convert_file_noop
configure:4898: checking how to convert i686-pc-linux-gnu file names to toolchain format
configure:4918: result: func_convert_file_noop
configure:4925: checking for /usr/bin/ld option to reload object files
configure:4932: result: -r
configure:5006: checking for objdump
configure:5022: found /usr/bin/objdump
configure:5033: result: objdump
configure:5065: checking how to recognize dependent libraries
configure:5267: result: pass_all
configure:5352: checking for dlltool
configure:5382: result: no
configure:5412: checking how to associate runtime and link libraries
configure:5439: result: printf %s\n
configure:5500: checking for ar
configure:5516: found /usr/bin/ar
configure:5527: result: ar
configure:5564: checking for archiver @FILE support
configure:5581: gcc -c -g -O2  conftest.c >&5
configure:5581: $? = 0
configure:5584: ar cru libconftest.a @conftest.lst >&5
configure:5587: $? = 0
configure:5592: ar cru libconftest.a @conftest.lst >&5
ar: conftest.o: No such file or directory
configure:5595: $? = 1
configure:5607: result: @
configure:5665: checking for strip
configure:5681: found /usr/bin/strip
configure:5692: result: strip
configure:5764: checking for ranlib
configure:5780: found /usr/bin/ranlib
configure:5791: result: ranlib
configure:5893: checking command to parse /usr/bin/nm -B output from gcc object
configure:6013: gcc -c -g -O2  conftest.c >&5
configure:6016: $? = 0
configure:6020: /usr/bin/nm -B conftest.o \| sed -n -e 's/^.*[ ]\([ABCDGIRSTW][ABCDGIRSTW]*\)[ ][ ]*\([_A-Za-z][_A-Za-z0-9]*\)$/\1 \2 \2/p' | sed '/ __gnu_lto/d' \> conftest.nm
configure:6023: $? = 0
configure:6089: gcc -o conftest -g -O2   conftest.c conftstm.o >&5
configure:6092: $? = 0
configure:6130: result: ok
configure:6167: checking for sysroot
configure:6197: result: no
configure:6453: checking for mt
configure:6469: found /bin/mt
configure:6480: result: mt
configure:6503: checking if mt is a manifest tool
configure:6509: mt '-?'
configure:6517: result: no
configure:7159: checking how to run the C preprocessor
configure:7190: gcc -E  conftest.c
configure:7190: $? = 0
configure:7204: gcc -E  conftest.c
conftest.c:11:28: fatal error: ac_nonexistent.h: No such file or directory
compilation terminated.
configure:7204: $? = 1
configure: failed program was:
| /* confdefs.h */
| #define PACKAGE_NAME "MoBa-CommonLib"
| #define PACKAGE_TARNAME "moba-commonlib"
| #define PACKAGE_VERSION "0.1"
| #define PACKAGE_STRING "MoBa-CommonLib 0.1"
| #define PACKAGE_BUGREPORT "pappi-@gmx.de"
| #define PACKAGE_URL ""
| #define PACKAGE "moba-commonlib"
| #define VERSION "0.1"
| /* end confdefs.h.  */
| #include <ac_nonexistent.h>
configure:7229: result: gcc -E
configure:7249: gcc -E  conftest.c
configure:7249: $? = 0
configure:7263: gcc -E  conftest.c
conftest.c:11:28: fatal error: ac_nonexistent.h: No such file or directory
compilation terminated.
configure:7263: $? = 1
configure: failed program was:
| /* confdefs.h */
| #define PACKAGE_NAME "MoBa-CommonLib"
| #define PACKAGE_TARNAME "moba-commonlib"
| #define PACKAGE_VERSION "0.1"
| #define PACKAGE_STRING "MoBa-CommonLib 0.1"
| #define PACKAGE_BUGREPORT "pappi-@gmx.de"
| #define PACKAGE_URL ""
| #define PACKAGE "moba-commonlib"
| #define VERSION "0.1"
| /* end confdefs.h.  */
| #include <ac_nonexistent.h>
configure:7292: checking for ANSI C header files
configure:7312: gcc -c -g -O2  conftest.c >&5
configure:7312: $? = 0
configure:7385: gcc -o conftest -g -O2   conftest.c  >&5
configure:7385: $? = 0
configure:7385: ./conftest
configure:7385: $? = 0
configure:7396: result: yes
configure:7409: checking for sys/types.h
configure:7409: gcc -c -g -O2  conftest.c >&5
configure:7409: $? = 0
configure:7409: result: yes
configure:7409: checking for sys/stat.h
configure:7409: gcc -c -g -O2  conftest.c >&5
configure:7409: $? = 0
configure:7409: result: yes
configure:7409: checking for stdlib.h
configure:7409: gcc -c -g -O2  conftest.c >&5
configure:7409: $? = 0
configure:7409: result: yes
configure:7409: checking for string.h
configure:7409: gcc -c -g -O2  conftest.c >&5
configure:7409: $? = 0
configure:7409: result: yes
configure:7409: checking for memory.h
configure:7409: gcc -c -g -O2  conftest.c >&5
configure:7409: $? = 0
configure:7409: result: yes
configure:7409: checking for strings.h
configure:7409: gcc -c -g -O2  conftest.c >&5
configure:7409: $? = 0
configure:7409: result: yes
configure:7409: checking for inttypes.h
configure:7409: gcc -c -g -O2  conftest.c >&5
configure:7409: $? = 0
configure:7409: result: yes
configure:7409: checking for stdint.h
configure:7409: gcc -c -g -O2  conftest.c >&5
configure:7409: $? = 0
configure:7409: result: yes
configure:7409: checking for unistd.h
configure:7409: gcc -c -g -O2  conftest.c >&5
configure:7409: $? = 0
configure:7409: result: yes
configure:7423: checking for dlfcn.h
configure:7423: gcc -c -g -O2  conftest.c >&5
configure:7423: $? = 0
configure:7423: result: yes
configure:7629: checking for objdir
configure:7644: result: .libs
configure:7915: checking if gcc supports -fno-rtti -fno-exceptions
configure:7933: gcc -c -g -O2  -fno-rtti -fno-exceptions conftest.c >&5
cc1: warning: command line option '-fno-rtti' is valid for C++/ObjC++ but not for C [enabled by default]
configure:7937: $? = 0
configure:7950: result: no
configure:8277: checking for gcc option to produce PIC
configure:8284: result: -fPIC -DPIC
configure:8292: checking if gcc PIC flag -fPIC -DPIC works
configure:8310: gcc -c -g -O2  -fPIC -DPIC -DPIC conftest.c >&5
configure:8314: $? = 0
configure:8327: result: yes
configure:8356: checking if gcc static flag -static works
configure:8384: result: yes
configure:8399: checking if gcc supports -c -o file.o
configure:8420: gcc -c -g -O2  -o out/conftest2.o conftest.c >&5
configure:8424: $? = 0
configure:8446: result: yes
configure:8454: checking if gcc supports -c -o file.o
configure:8501: result: yes
configure:8534: checking whether the gcc linker (/usr/bin/ld) supports shared libraries
configure:9691: result: yes
configure:9728: checking whether -lc should be explicitly linked in
configure:9736: gcc -c -g -O2  conftest.c >&5
configure:9739: $? = 0
configure:9754: gcc -shared  -fPIC -DPIC conftest.o  -v -Wl,-soname -Wl,conftest -o conftest 2\>\&1 \| /bin/grep  -lc  \>/dev/null 2\>\&1
configure:9757: $? = 0
configure:9771: result: no
configure:9931: checking dynamic linker characteristics
configure:10442: gcc -o conftest -g -O2   -Wl,-rpath -Wl,/foo conftest.c  >&5
configure:10442: $? = 0
configure:10676: result: GNU/Linux ld.so
configure:10783: checking how to hardcode library paths into programs
configure:10808: result: immediate
configure:11348: checking whether stripping libraries is possible
configure:11353: result: yes
configure:11388: checking if libtool supports shared libraries
configure:11390: result: yes
configure:11393: checking whether to build shared libraries
configure:11414: result: yes
configure:11417: checking whether to build static libraries
configure:11421: result: yes
configure:11518: checking for g++
configure:11534: found /usr/bin/g++
configure:11545: result: g++
configure:11572: checking for C++ compiler version
configure:11581: g++ --version >&5
g++ (Ubuntu/Linaro 4.6.3-1ubuntu5) 4.6.3
Copyright (C) 2011 Free Software Foundation, Inc.
This is free software; see the source for copying conditions.  There is NO
warranty; not even for MERCHANTABILITY or FITNESS FOR A PARTICULAR PURPOSE.

configure:11592: $? = 0
configure:11581: g++ -v >&5
Using built-in specs.
COLLECT_GCC=g++
COLLECT_LTO_WRAPPER=/usr/lib/gcc/i686-linux-gnu/4.6/lto-wrapper
Target: i686-linux-gnu
Configured with: ../src/configure -v --with-pkgversion='Ubuntu/Linaro 4.6.3-1ubuntu5' --with-bugurl=file:///usr/share/doc/gcc-4.6/README.Bugs --enable-languages=c,c++,fortran,objc,obj-c++ --prefix=/usr --program-suffix=-4.6 --enable-shared --enable-linker-build-id --with-system-zlib --libexecdir=/usr/lib --without-included-gettext --enable-threads=posix --with-gxx-include-dir=/usr/include/c++/4.6 --libdir=/usr/lib --enable-nls --with-sysroot=/ --enable-clocale=gnu --enable-libstdcxx-debug --enable-libstdcxx-time=yes --enable-gnu-unique-object --enable-plugin --enable-objc-gc --enable-targets=all --disable-werror --with-arch-32=i686 --with-tune=generic --enable-checking=release --build=i686-linux-gnu --host=i686-linux-gnu --target=i686-linux-gnu
Thread model: posix
gcc version 4.6.3 (Ubuntu/Linaro 4.6.3-1ubuntu5) 
configure:11592: $? = 0
configure:11581: g++ -V >&5
g++: error: unrecognized option '-V'
g++: fatal error: no input files
compilation terminated.
configure:11592: $? = 4
configure:11581: g++ -qversion >&5
g++: error: unrecognized option '-qversion'
g++: fatal error: no input files
compilation terminated.
configure:11592: $? = 4
configure:11596: checking whether we are using the GNU C++ compiler
configure:11615: g++ -c   conftest.cpp >&5
configure:11615: $? = 0
configure:11624: result: yes
configure:11633: checking whether g++ accepts -g
configure:11653: g++ -c -g  conftest.cpp >&5
configure:11653: $? = 0
configure:11694: result: yes
configure:11719: checking dependency style of g++
configure:11830: result: gcc3
configure:11863: checking how to run the C++ preprocessor
configure:11890: g++ -E  conftest.cpp
configure:11890: $? = 0
configure:11904: g++ -E  conftest.cpp
conftest.cpp:23:28: fatal error: ac_nonexistent.h: No such file or directory
compilation terminated.
configure:11904: $? = 1
configure: failed program was:
| /* confdefs.h */
| #define PACKAGE_NAME "MoBa-CommonLib"
| #define PACKAGE_TARNAME "moba-commonlib"
| #define PACKAGE_VERSION "0.1"
| #define PACKAGE_STRING "MoBa-CommonLib 0.1"
| #define PACKAGE_BUGREPORT "pappi-@gmx.de"
| #define PACKAGE_URL ""
| #define PACKAGE "moba-commonlib"
| #define VERSION "0.1"
| #define STDC_HEADERS 1
| #define HAVE_SYS_TYPES_H 1
| #define HAVE_SYS_STAT_H 1
| #define HAVE_STDLIB_H 1
| #define HAVE_STRING_H 1
| #define HAVE_MEMORY_H 1
| #define HAVE_STRINGS_H 1
| #define HAVE_INTTYPES_H 1
| #define HAVE_STDINT_H 1
| #define HAVE_UNISTD_H 1
| #define HAVE_DLFCN_H 1
| #define LT_OBJDIR ".libs/"
| /* end confdefs.h.  */
| #include <ac_nonexistent.h>
configure:11929: result: g++ -E
configure:11949: g++ -E  conftest.cpp
configure:11949: $? = 0
configure:11963: g++ -E  conftest.cpp
conftest.cpp:23:28: fatal error: ac_nonexistent.h: No such file or directory
compilation terminated.
configure:11963: $? = 1
configure: failed program was:
| /* confdefs.h */
| #define PACKAGE_NAME "MoBa-CommonLib"
| #define PACKAGE_TARNAME "moba-commonlib"
| #define PACKAGE_VERSION "0.1"
| #define PACKAGE_STRING "MoBa-CommonLib 0.1"
| #define PACKAGE_BUGREPORT "pappi-@gmx.de"
| #define PACKAGE_URL ""
| #define PACKAGE "moba-commonlib"
| #define VERSION "0.1"
| #define STDC_HEADERS 1
| #define HAVE_SYS_TYPES_H 1
| #define HAVE_SYS_STAT_H 1
| #define HAVE_STDLIB_H 1
| #define HAVE_STRING_H 1
| #define HAVE_MEMORY_H 1
| #define HAVE_STRINGS_H 1
| #define HAVE_INTTYPES_H 1
| #define HAVE_STDINT_H 1
| #define HAVE_UNISTD_H 1
| #define HAVE_DLFCN_H 1
| #define LT_OBJDIR ".libs/"
| /* end confdefs.h.  */
| #include <ac_nonexistent.h>
configure:12132: checking for ld used by g++
configure:12199: result: /usr/bin/ld
configure:12206: checking if the linker (/usr/bin/ld) is GNU ld
configure:12221: result: yes
configure:12276: checking whether the g++ linker (/usr/bin/ld) supports shared libraries
configure:13281: result: yes
configure:13317: g++ -c -g -O2  conftest.cpp >&5
configure:13320: $? = 0
configure:13840: checking for g++ option to produce PIC
configure:13847: result: -fPIC -DPIC
configure:13855: checking if g++ PIC flag -fPIC -DPIC works
configure:13873: g++ -c -g -O2  -fPIC -DPIC -DPIC conftest.cpp >&5
configure:13877: $? = 0
configure:13890: result: yes
configure:13913: checking if g++ static flag -static works
configure:13941: result: yes
configure:13953: checking if g++ supports -c -o file.o
configure:13974: g++ -c -g -O2  -o out/conftest2.o conftest.cpp >&5
configure:13978: $? = 0
configure:14000: result: yes
configure:14005: checking if g++ supports -c -o file.o
configure:14052: result: yes
configure:14082: checking whether the g++ linker (/usr/bin/ld) supports shared libraries
configure:14121: result: yes
configure:14262: checking dynamic linker characteristics
configure:14941: result: GNU/Linux ld.so
configure:14994: checking how to hardcode library paths into programs
configure:15019: result: immediate
configure:15107: checking for gcc
configure:15134: result: gcc
configure:15363: checking for C compiler version
configure:15372: gcc --version >&5
gcc (Ubuntu/Linaro 4.6.3-1ubuntu5) 4.6.3
Copyright (C) 2011 Free Software Foundation, Inc.
This is free software; see the source for copying conditions.  There is NO
warranty; not even for MERCHANTABILITY or FITNESS FOR A PARTICULAR PURPOSE.

configure:15383: $? = 0
configure:15372: gcc -v >&5
Using built-in specs.
COLLECT_GCC=gcc
COLLECT_LTO_WRAPPER=/usr/lib/gcc/i686-linux-gnu/4.6/lto-wrapper
Target: i686-linux-gnu
Configured with: ../src/configure -v --with-pkgversion='Ubuntu/Linaro 4.6.3-1ubuntu5' --with-bugurl=file:///usr/share/doc/gcc-4.6/README.Bugs --enable-languages=c,c++,fortran,objc,obj-c++ --prefix=/usr --program-suffix=-4.6 --enable-shared --enable-linker-build-id --with-system-zlib --libexecdir=/usr/lib --without-included-gettext --enable-threads=posix --with-gxx-include-dir=/usr/include/c++/4.6 --libdir=/usr/lib --enable-nls --with-sysroot=/ --enable-clocale=gnu --enable-libstdcxx-debug --enable-libstdcxx-time=yes --enable-gnu-unique-object --enable-plugin --enable-objc-gc --enable-targets=all --disable-werror --with-arch-32=i686 --with-tune=generic --enable-checking=release --build=i686-linux-gnu --host=i686-linux-gnu --target=i686-linux-gnu
Thread model: posix
gcc version 4.6.3 (Ubuntu/Linaro 4.6.3-1ubuntu5) 
configure:15383: $? = 0
configure:15372: gcc -V >&5
gcc: error: unrecognized option '-V'
gcc: fatal error: no input files
compilation terminated.
configure:15383: $? = 4
configure:15372: gcc -qversion >&5
gcc: error: unrecognized option '-qversion'
gcc: fatal error: no input files
compilation terminated.
configure:15383: $? = 4
configure:15387: checking whether we are using the GNU C compiler
configure:15415: result: yes
configure:15424: checking whether gcc accepts -g
configure:15485: result: yes
configure:15502: checking for gcc option to accept ISO C89
configure:15579: result: none needed
configure:15601: checking dependency style of gcc
configure:15712: result: gcc3
configure:15734: checking arpa/inet.h usability
configure:15734: gcc -c -g -O2  conftest.c >&5
configure:15734: $? = 0
configure:15734: result: yes
configure:15734: checking arpa/inet.h presence
configure:15734: gcc -E  conftest.c
configure:15734: $? = 0
configure:15734: result: yes
configure:15734: checking for arpa/inet.h
configure:15734: result: yes
configure:15734: checking netdb.h usability
configure:15734: gcc -c -g -O2  conftest.c >&5
configure:15734: $? = 0
configure:15734: result: yes
configure:15734: checking netdb.h presence
configure:15734: gcc -E  conftest.c
configure:15734: $? = 0
configure:15734: result: yes
configure:15734: checking for netdb.h
configure:15734: result: yes
configure:15734: checking netinet/in.h usability
configure:15734: gcc -c -g -O2  conftest.c >&5
configure:15734: $? = 0
configure:15734: result: yes
configure:15734: checking netinet/in.h presence
configure:15734: gcc -E  conftest.c
configure:15734: $? = 0
configure:15734: result: yes
configure:15734: checking for netinet/in.h
configure:15734: result: yes
configure:15734: checking sys/socket.h usability
configure:15734: gcc -c -g -O2  conftest.c >&5
configure:15734: $? = 0
configure:15734: result: yes
configure:15734: checking sys/socket.h presence
configure:15734: gcc -E  conftest.c
configure:15734: $? = 0
configure:15734: result: yes
configure:15734: checking for sys/socket.h
configure:15734: result: yes
configure:15734: checking sys/time.h usability
configure:15734: gcc -c -g -O2  conftest.c >&5
configure:15734: $? = 0
configure:15734: result: yes
configure:15734: checking sys/time.h presence
configure:15734: gcc -E  conftest.c
configure:15734: $? = 0
configure:15734: result: yes
configure:15734: checking for sys/time.h
configure:15734: result: yes
configure:15734: checking sys/timeb.h usability
configure:15734: gcc -c -g -O2  conftest.c >&5
configure:15734: $? = 0
configure:15734: result: yes
configure:15734: checking sys/timeb.h presence
configure:15734: gcc -E  conftest.c
configure:15734: $? = 0
configure:15734: result: yes
configure:15734: checking for sys/timeb.h
configure:15734: result: yes
configure:15734: checking for unistd.h
configure:15734: result: yes
configure:15746: checking for stdbool.h that conforms to C99
configure:15813: gcc -c -g -O2  conftest.c >&5
configure:15813: $? = 0
configure:15820: result: yes
configure:15822: checking for _Bool
configure:15822: gcc -c -g -O2  conftest.c >&5
configure:15822: $? = 0
configure:15822: gcc -c -g -O2  conftest.c >&5
conftest.c: In function 'main':
conftest.c:66:20: error: expected expression before ')' token
configure:15822: $? = 1
configure: failed program was:
| /* confdefs.h */
| #define PACKAGE_NAME "MoBa-CommonLib"
| #define PACKAGE_TARNAME "moba-commonlib"
| #define PACKAGE_VERSION "0.1"
| #define PACKAGE_STRING "MoBa-CommonLib 0.1"
| #define PACKAGE_BUGREPORT "pappi-@gmx.de"
| #define PACKAGE_URL ""
| #define PACKAGE "moba-commonlib"
| #define VERSION "0.1"
| #define STDC_HEADERS 1
| #define HAVE_SYS_TYPES_H 1
| #define HAVE_SYS_STAT_H 1
| #define HAVE_STDLIB_H 1
| #define HAVE_STRING_H 1
| #define HAVE_MEMORY_H 1
| #define HAVE_STRINGS_H 1
| #define HAVE_INTTYPES_H 1
| #define HAVE_STDINT_H 1
| #define HAVE_UNISTD_H 1
| #define HAVE_DLFCN_H 1
| #define LT_OBJDIR ".libs/"
| #define HAVE_ARPA_INET_H 1
| #define HAVE_NETDB_H 1
| #define HAVE_NETINET_IN_H 1
| #define HAVE_SYS_SOCKET_H 1
| #define HAVE_SYS_TIME_H 1
| #define HAVE_SYS_TIMEB_H 1
| #define HAVE_UNISTD_H 1
| /* end confdefs.h.  */
| #include <stdio.h>
| #ifdef HAVE_SYS_TYPES_H
| # include <sys/types.h>
| #endif
| #ifdef HAVE_SYS_STAT_H
| # include <sys/stat.h>
| #endif
| #ifdef STDC_HEADERS
| # include <stdlib.h>
| # include <stddef.h>
| #else
| # ifdef HAVE_STDLIB_H
| #  include <stdlib.h>
| # endif
| #endif
| #ifdef HAVE_STRING_H
| # if !defined STDC_HEADERS && defined HAVE_MEMORY_H
| #  include <memory.h>
| # endif
| # include <string.h>
| #endif
| #ifdef HAVE_STRINGS_H
| # include <strings.h>
| #endif
| #ifdef HAVE_INTTYPES_H
| # include <inttypes.h>
| #endif
| #ifdef HAVE_STDINT_H
| # include <stdint.h>
| #endif
| #ifdef HAVE_UNISTD_H
| # include <unistd.h>
| #endif
| int
| main ()
| {
| if (sizeof ((_Bool)))
| 	    return 0;
|   ;
|   return 0;
| }
configure:15822: result: yes
configure:15838: checking for inline
configure:15854: gcc -c -g -O2  conftest.c >&5
configure:15854: $? = 0
configure:15862: result: inline
configure:15880: checking for size_t
configure:15880: gcc -c -g -O2  conftest.c >&5
configure:15880: $? = 0
configure:15880: gcc -c -g -O2  conftest.c >&5
conftest.c: In function 'main':
conftest.c:68:21: error: expected expression before ')' token
configure:15880: $? = 1
configure: failed program was:
| /* confdefs.h */
| #define PACKAGE_NAME "MoBa-CommonLib"
| #define PACKAGE_TARNAME "moba-commonlib"
| #define PACKAGE_VERSION "0.1"
| #define PACKAGE_STRING "MoBa-CommonLib 0.1"
| #define PACKAGE_BUGREPORT "pappi-@gmx.de"
| #define PACKAGE_URL ""
| #define PACKAGE "moba-commonlib"
| #define VERSION "0.1"
| #define STDC_HEADERS 1
| #define HAVE_SYS_TYPES_H 1
| #define HAVE_SYS_STAT_H 1
| #define HAVE_STDLIB_H 1
| #define HAVE_STRING_H 1
| #define HAVE_MEMORY_H 1
| #define HAVE_STRINGS_H 1
| #define HAVE_INTTYPES_H 1
| #define HAVE_STDINT_H 1
| #define HAVE_UNISTD_H 1
| #define HAVE_DLFCN_H 1
| #define LT_OBJDIR ".libs/"
| #define HAVE_ARPA_INET_H 1
| #define HAVE_NETDB_H 1
| #define HAVE_NETINET_IN_H 1
| #define HAVE_SYS_SOCKET_H 1
| #define HAVE_SYS_TIME_H 1
| #define HAVE_SYS_TIMEB_H 1
| #define HAVE_UNISTD_H 1
| #define HAVE__BOOL 1
| #define HAVE_STDBOOL_H 1
| /* end confdefs.h.  */
| #include <stdio.h>
| #ifdef HAVE_SYS_TYPES_H
| # include <sys/types.h>
| #endif
| #ifdef HAVE_SYS_STAT_H
| # include <sys/stat.h>
| #endif
| #ifdef STDC_HEADERS
| # include <stdlib.h>
| # include <stddef.h>
| #else
| # ifdef HAVE_STDLIB_H
| #  include <stdlib.h>
| # endif
| #endif
| #ifdef HAVE_STRING_H
| # if !defined STDC_HEADERS && defined HAVE_MEMORY_H
| #  include <memory.h>
| # endif
| # include <string.h>
| #endif
| #ifdef HAVE_STRINGS_H
| # include <strings.h>
| #endif
| #ifdef HAVE_INTTYPES_H
| # include <inttypes.h>
| #endif
| #ifdef HAVE_STDINT_H
| # include <stdint.h>
| #endif
| #ifdef HAVE_UNISTD_H
| # include <unistd.h>
| #endif
| int
| main ()
| {
| if (sizeof ((size_t)))
| 	    return 0;
|   ;
|   return 0;
| }
configure:15880: result: yes
configure:15891: checking for ssize_t
configure:15891: gcc -c -g -O2  conftest.c >&5
configure:15891: $? = 0
configure:15891: gcc -c -g -O2  conftest.c >&5
conftest.c: In function 'main':
conftest.c:68:22: error: expected expression before ')' token
configure:15891: $? = 1
configure: failed program was:
| /* confdefs.h */
| #define PACKAGE_NAME "MoBa-CommonLib"
| #define PACKAGE_TARNAME "moba-commonlib"
| #define PACKAGE_VERSION "0.1"
| #define PACKAGE_STRING "MoBa-CommonLib 0.1"
| #define PACKAGE_BUGREPORT "pappi-@gmx.de"
| #define PACKAGE_URL ""
| #define PACKAGE "moba-commonlib"
| #define VERSION "0.1"
| #define STDC_HEADERS 1
| #define HAVE_SYS_TYPES_H 1
| #define HAVE_SYS_STAT_H 1
| #define HAVE_STDLIB_H 1
| #define HAVE_STRING_H 1
| #define HAVE_MEMORY_H 1
| #define HAVE_STRINGS_H 1
| #define HAVE_INTTYPES_H 1
| #define HAVE_STDINT_H 1
| #define HAVE_UNISTD_H 1
| #define HAVE_DLFCN_H 1
| #define LT_OBJDIR ".libs/"
| #define HAVE_ARPA_INET_H 1
| #define HAVE_NETDB_H 1
| #define HAVE_NETINET_IN_H 1
| #define HAVE_SYS_SOCKET_H 1
| #define HAVE_SYS_TIME_H 1
| #define HAVE_SYS_TIMEB_H 1
| #define HAVE_UNISTD_H 1
| #define HAVE__BOOL 1
| #define HAVE_STDBOOL_H 1
| /* end confdefs.h.  */
| #include <stdio.h>
| #ifdef HAVE_SYS_TYPES_H
| # include <sys/types.h>
| #endif
| #ifdef HAVE_SYS_STAT_H
| # include <sys/stat.h>
| #endif
| #ifdef STDC_HEADERS
| # include <stdlib.h>
| # include <stddef.h>
| #else
| # ifdef HAVE_STDLIB_H
| #  include <stdlib.h>
| # endif
| #endif
| #ifdef HAVE_STRING_H
| # if !defined STDC_HEADERS && defined HAVE_MEMORY_H
| #  include <memory.h>
| # endif
| # include <string.h>
| #endif
| #ifdef HAVE_STRINGS_H
| # include <strings.h>
| #endif
| #ifdef HAVE_INTTYPES_H
| # include <inttypes.h>
| #endif
| #ifdef HAVE_STDINT_H
| # include <stdint.h>
| #endif
| #ifdef HAVE_UNISTD_H
| # include <unistd.h>
| #endif
| int
| main ()
| {
| if (sizeof ((ssize_t)))
| 	    return 0;
|   ;
|   return 0;
| }
configure:15891: result: yes
configure:15907: checking for ftime
configure:15907: gcc -o conftest -g -O2   conftest.c  >&5
configure:15907: $? = 0
configure:15907: result: yes
configure:15907: checking for gethostbyname
configure:15907: gcc -o conftest -g -O2   conftest.c  >&5
configure:15907: $? = 0
configure:15907: result: yes
configure:15907: checking for memset
configure:15907: gcc -o conftest -g -O2   conftest.c  >&5
conftest.c:57:6: warning: conflicting types for built-in function 'memset' [enabled by default]
configure:15907: $? = 0
configure:15907: result: yes
configure:15907: checking for select
configure:15907: gcc -o conftest -g -O2   conftest.c  >&5
configure:15907: $? = 0
configure:15907: result: yes
configure:15907: checking for socket
configure:15907: gcc -o conftest -g -O2   conftest.c  >&5
configure:15907: $? = 0
configure:15907: result: yes
configure:15907: checking for strerror
configure:15907: gcc -o conftest -g -O2   conftest.c  >&5
configure:15907: $? = 0
configure:15907: result: yes
configure:15907: checking for strtol
configure:15907: gcc -o conftest -g -O2   conftest.c  >&5
configure:15907: $? = 0
configure:15907: result: yes
configure:16057: creating ./config.status

## ---------------------- ##
## Running config.status. ##
## ---------------------- ##

This file was extended by MoBa-CommonLib config.status 0.1, which was
generated by GNU Autoconf 2.68.  Invocation command line was

  CONFIG_FILES    = 
  CONFIG_HEADERS  = 
  CONFIG_LINKS    = 
  CONFIG_COMMANDS = 
  $ ./config.status 

on stefan-MS-7369

config.status:1167: creating Makefile
config.status:1167: creating config.h
config.status:1348: config.h is unchanged
config.status:1396: executing depfiles commands
config.status:1396: executing libtool commands

## ---------------- ##
## Cache variables. ##
## ---------------- ##

ac_cv_build=i686-pc-linux-gnu
ac_cv_c_compiler_gnu=yes
ac_cv_c_inline=inline
ac_cv_cxx_compiler_gnu=yes
ac_cv_env_CCC_set=
ac_cv_env_CCC_value=
ac_cv_env_CC_set=
ac_cv_env_CC_value=
ac_cv_env_CFLAGS_set=
ac_cv_env_CFLAGS_value=
ac_cv_env_CPPFLAGS_set=
ac_cv_env_CPPFLAGS_value=
ac_cv_env_CPP_set=
ac_cv_env_CPP_value=
ac_cv_env_CXXCPP_set=
ac_cv_env_CXXCPP_value=
ac_cv_env_CXXFLAGS_set=
ac_cv_env_CXXFLAGS_value=
ac_cv_env_CXX_set=
ac_cv_env_CXX_value=
ac_cv_env_LDFLAGS_set=
ac_cv_env_LDFLAGS_value=
ac_cv_env_LIBS_set=
ac_cv_env_LIBS_value=
ac_cv_env_build_alias_set=
ac_cv_env_build_alias_value=
ac_cv_env_host_alias_set=
ac_cv_env_host_alias_value=
ac_cv_env_target_alias_set=
ac_cv_env_target_alias_value=
ac_cv_func_ftime=yes
ac_cv_func_gethostbyname=yes
ac_cv_func_memset=yes
ac_cv_func_select=yes
ac_cv_func_socket=yes
ac_cv_func_strerror=yes
ac_cv_func_strtol=yes
ac_cv_header_arpa_inet_h=yes
ac_cv_header_dlfcn_h=yes
ac_cv_header_inttypes_h=yes
ac_cv_header_memory_h=yes
ac_cv_header_netdb_h=yes
ac_cv_header_netinet_in_h=yes
ac_cv_header_stdbool_h=yes
ac_cv_header_stdc=yes
ac_cv_header_stdint_h=yes
ac_cv_header_stdlib_h=yes
ac_cv_header_string_h=yes
ac_cv_header_strings_h=yes
ac_cv_header_sys_socket_h=yes
ac_cv_header_sys_stat_h=yes
ac_cv_header_sys_time_h=yes
ac_cv_header_sys_timeb_h=yes
ac_cv_header_sys_types_h=yes
ac_cv_header_unistd_h=yes
ac_cv_host=i686-pc-linux-gnu
ac_cv_objext=o
ac_cv_path_EGREP='/bin/grep -E'
ac_cv_path_FGREP='/bin/grep -F'
ac_cv_path_GREP=/bin/grep
ac_cv_path_SED=/bin/sed
ac_cv_path_install='/usr/bin/install -c'
ac_cv_path_mkdir=/bin/mkdir
ac_cv_prog_AWK=mawk
ac_cv_prog_CPP='gcc -E'
ac_cv_prog_CXXCPP='g++ -E'
ac_cv_prog_ac_ct_AR=ar
ac_cv_prog_ac_ct_CC=gcc
ac_cv_prog_ac_ct_CXX=g++
ac_cv_prog_ac_ct_MANIFEST_TOOL=mt
ac_cv_prog_ac_ct_OBJDUMP=objdump
ac_cv_prog_ac_ct_RANLIB=ranlib
ac_cv_prog_ac_ct_STRIP=strip
ac_cv_prog_cc_c89=
ac_cv_prog_cc_g=yes
ac_cv_prog_cxx_g=yes
ac_cv_prog_make_make_set=yes
ac_cv_type__Bool=yes
ac_cv_type_size_t=yes
ac_cv_type_ssize_t=yes
am_cv_CC_dependencies_compiler_type=gcc3
am_cv_CXX_dependencies_compiler_type=gcc3
lt_cv_ar_at_file=@
lt_cv_archive_cmds_need_lc=no
lt_cv_deplibs_check_method=pass_all
lt_cv_file_magic_cmd='$MAGIC_CMD'
lt_cv_file_magic_test_file=
lt_cv_ld_reload_flag=-r
lt_cv_nm_interface='BSD nm'
lt_cv_objdir=.libs
lt_cv_path_LD=/usr/bin/ld
lt_cv_path_LDCXX=/usr/bin/ld
lt_cv_path_NM='/usr/bin/nm -B'
lt_cv_path_mainfest_tool=no
lt_cv_prog_compiler_c_o=yes
lt_cv_prog_compiler_c_o_CXX=yes
lt_cv_prog_compiler_pic='-fPIC -DPIC'
lt_cv_prog_compiler_pic_CXX='-fPIC -DPIC'
lt_cv_prog_compiler_pic_works=yes
lt_cv_prog_compiler_pic_works_CXX=yes
lt_cv_prog_compiler_rtti_exceptions=no
lt_cv_prog_compiler_static_works=yes
lt_cv_prog_compiler_static_works_CXX=yes
lt_cv_prog_gnu_ld=yes
lt_cv_prog_gnu_ldcxx=yes
lt_cv_sharedlib_from_linklib_cmd='printf %s\n'
lt_cv_shlibpath_overrides_runpath=no
lt_cv_sys_global_symbol_pipe='sed -n -e '\''s/^.*[	 ]\([ABCDGIRSTW][ABCDGIRSTW]*\)[	 ][	 ]*\([_A-Za-z][_A-Za-z0-9]*\)$/\1 \2 \2/p'\'' | sed '\''/ __gnu_lto/d'\'''
lt_cv_sys_global_symbol_to_c_name_address='sed -n -e '\''s/^: \([^ ]*\)[ ]*$/  {\"\1\", (void *) 0},/p'\'' -e '\''s/^[ABCDGIRSTW]* \([^ ]*\) \([^ ]*\)$/  {"\2", (void *) \&\2},/p'\'''
lt_cv_sys_global_symbol_to_c_name_address_lib_prefix='sed -n -e '\''s/^: \([^ ]*\)[ ]*$/  {\"\1\", (void *) 0},/p'\'' -e '\''s/^[ABCDGIRSTW]* \([^ ]*\) \(lib[^ ]*\)$/  {"\2", (void *) \&\2},/p'\'' -e '\''s/^[ABCDGIRSTW]* \([^ ]*\) \([^ ]*\)$/  {"lib\2", (void *) \&\2},/p'\'''
lt_cv_sys_global_symbol_to_cdecl='sed -n -e '\''s/^T .* \(.*\)$/extern int \1();/p'\'' -e '\''s/^[ABCDGIRSTW]* .* \(.*\)$/extern char \1;/p'\'''
lt_cv_sys_max_cmd_len=1572864
lt_cv_to_host_file_cmd=func_convert_file_noop
lt_cv_to_tool_file_cmd=func_convert_file_noop

## ----------------- ##
## Output variables. ##
## ----------------- ##

ACLOCAL='${SHELL} /home/stefan/Documents/projects/cpp/CommonLib_fin/missing --run aclocal-1.11'
AMDEPBACKSLASH='\'
AMDEP_FALSE='#'
AMDEP_TRUE=''
AMTAR='$${TAR-tar}'
AR='ar'
AUTOCONF='${SHELL} /home/stefan/Documents/projects/cpp/CommonLib_fin/missing --run autoconf'
AUTOHEADER='${SHELL} /home/stefan/Documents/projects/cpp/CommonLib_fin/missing --run autoheader'
AUTOMAKE='${SHELL} /home/stefan/Documents/projects/cpp/CommonLib_fin/missing --run automake-1.11'
AWK='mawk'
CC='gcc'
CCDEPMODE='depmode=gcc3'
CFLAGS='-g -O2'
CPP='gcc -E'
CPPFLAGS=''
CXX='g++'
CXXCPP='g++ -E'
CXXDEPMODE='depmode=gcc3'
CXXFLAGS='-g -O2'
CYGPATH_W='echo'
DEFS='-DHAVE_CONFIG_H'
DEPDIR='.deps'
DLLTOOL='false'
DSYMUTIL=''
DUMPBIN=''
ECHO_C=''
ECHO_N='-n'
ECHO_T=''
EGREP='/bin/grep -E'
EXEEXT=''
FGREP='/bin/grep -F'
GREP='/bin/grep'
INSTALL_DATA='${INSTALL} -m 644'
INSTALL_PROGRAM='${INSTALL}'
INSTALL_SCRIPT='${INSTALL}'
INSTALL_STRIP_PROGRAM='$(install_sh) -c -s'
LD='/usr/bin/ld'
LDFLAGS=''
LIBOBJS=''
LIBS=''
LIBTOOL='$(SHELL) $(top_builddir)/libtool'
LIPO=''
LN_S='ln -s'
LTLIBOBJS=''
MAKEINFO='${SHELL} /home/stefan/Documents/projects/cpp/CommonLib_fin/missing --run makeinfo'
MANIFEST_TOOL=':'
MKDIR_P='/bin/mkdir -p'
NM='/usr/bin/nm -B'
NMEDIT=''
OBJDUMP='objdump'
OBJEXT='o'
OTOOL64=''
OTOOL=''
PACKAGE='moba-commonlib'
PACKAGE_BUGREPORT='pappi-@gmx.de'
PACKAGE_NAME='MoBa-CommonLib'
PACKAGE_STRING='MoBa-CommonLib 0.1'
PACKAGE_TARNAME='moba-commonlib'
PACKAGE_URL=''
PACKAGE_VERSION='0.1'
PATH_SEPARATOR=':'
RANLIB='ranlib'
SED='/bin/sed'
SET_MAKE=''
SHELL='/bin/bash'
STRIP='strip'
VERSION='0.1'
ac_ct_AR='ar'
ac_ct_CC='gcc'
ac_ct_CXX='g++'
ac_ct_DUMPBIN=''
am__EXEEXT_FALSE=''
am__EXEEXT_TRUE='#'
am__fastdepCC_FALSE='#'
am__fastdepCC_TRUE=''
am__fastdepCXX_FALSE='#'
am__fastdepCXX_TRUE=''
am__include='include'
am__isrc=''
am__leading_dot='.'
am__nodep='_no'
am__quote=''
am__tar='$${TAR-tar} chof - "$$tardir"'
am__untar='$${TAR-tar} xf -'
bindir='${exec_prefix}/bin'
build='i686-pc-linux-gnu'
build_alias=''
build_cpu='i686'
build_os='linux-gnu'
build_vendor='pc'
datadir='${datarootdir}'
datarootdir='${prefix}/share'
docdir='${datarootdir}/doc/${PACKAGE_TARNAME}'
dvidir='${docdir}'
exec_prefix='${prefix}'
host='i686-pc-linux-gnu'
host_alias=''
host_cpu='i686'
host_os='linux-gnu'
host_vendor='pc'
htmldir='${docdir}'
includedir='${prefix}/include'
infodir='${datarootdir}/info'
install_sh='${SHELL} /home/stefan/Documents/projects/cpp/CommonLib_fin/install-sh'
libdir='${exec_prefix}/lib'
libexecdir='${exec_prefix}/libexec'
localedir='${datarootdir}/locale'
localstatedir='${prefix}/var'
mandir='${datarootdir}/man'
mkdir_p='/bin/mkdir -p'
oldincludedir='/usr/include'
pdfdir='${docdir}'
prefix='/usr/local'
program_transform_name='s,x,x,'
psdir='${docdir}'
sbindir='${exec_prefix}/sbin'
sharedstatedir='${prefix}/com'
sysconfdir='${prefix}/etc'
target_alias=''

## ----------- ##
## confdefs.h. ##
## ----------- ##

/* confdefs.h */
#define PACKAGE_NAME "MoBa-CommonLib"
#define PACKAGE_TARNAME "moba-commonlib"
#define PACKAGE_VERSION "0.1"
#define PACKAGE_STRING "MoBa-CommonLib 0.1"
#define PACKAGE_BUGREPORT "pappi-@gmx.de"
#define PACKAGE_URL ""
#define PACKAGE "moba-commonlib"
#define VERSION "0.1"
#define STDC_HEADERS 1
#define HAVE_SYS_TYPES_H 1
#define HAVE_SYS_STAT_H 1
#define HAVE_STDLIB_H 1
#define HAVE_STRING_H 1
#define HAVE_MEMORY_H 1
#define HAVE_STRINGS_H 1
#define HAVE_INTTYPES_H 1
#define HAVE_STDINT_H 1
#define HAVE_UNISTD_H 1
#define HAVE_DLFCN_H 1
#define LT_OBJDIR ".libs/"
#define HAVE_ARPA_INET_H 1
#define HAVE_NETDB_H 1
#define HAVE_NETINET_IN_H 1
#define HAVE_SYS_SOCKET_H 1
#define HAVE_SYS_TIME_H 1
#define HAVE_SYS_TIMEB_H 1
#define HAVE_UNISTD_H 1
#define HAVE__BOOL 1
#define HAVE_STDBOOL_H 1
#define HAVE_FTIME 1
#define HAVE_GETHOSTBYNAME 1
#define HAVE_MEMSET 1
#define HAVE_SELECT 1
#define HAVE_SOCKET 1
#define HAVE_STRERROR 1
#define HAVE_STRTOL 1

configure: exit 0
